<?xml version="1.0" encoding="UTF-8"?>
<testng-results ignored="0" total="1" passed="1" failed="0" skipped="0">
  <reporter-output>
  </reporter-output>
  <suite started-at="2020-01-07T16:51:23 IST" name="Suite" finished-at="2020-01-07T16:51:23 IST" duration-ms="41">
    <groups>
    </groups>
    <test started-at="2020-01-07T16:51:23 IST" name="Test" finished-at="2020-01-07T16:51:23 IST" duration-ms="41">
      <class name="com.dev.demo.Dev">
        <test-method signature="devBuild()[pri:0, instance:com.dev.demo.Dev@75f9eccc]" started-at="2020-01-07T16:51:23 IST" name="devBuild" finished-at="2020-01-07T16:51:23 IST" duration-ms="10" status="PASS">
          <reporter-output>
          </reporter-output>
        </test-method> <!-- devBuild -->
      </class> <!-- com.dev.demo.Dev -->
    </test> <!-- Test -->
  </suite> <!-- Suite -->
</testng-results>
